


ARM Macro Assembler    Page 1 


    1 00000000                 AREA             SIMPLE_PROG,CODE,READONLY
    2 00000000         
    3 00000000         __main  PROC
    4 00000000                 EXPORT           __main
    5 00000000                 IMPORT           __heap_base
    6 00000000         
    7 00000000         Main_Loop
    8 00000000         
    9 00000000 4911            ldr              r1, =__heap_base
   10 00000002 2300            movs             r3, #0x00
   11 00000004 2201            movs             r2, #0x01
   12 00000006         ;;;  fill 10 first places start    
   13 00000006 700A            strb             r2, [r1]
   14 00000008         fill_next
   15 00000008 1C49            adds             r1, r1, #0x01
   16 0000000A 1C52            adds             r2, r2, #0x01
   17 0000000C 1C5B            adds             r3, r3, #0x01
   18 0000000E 700A            strb             r2, [r1]
   19 00000010 2B0A            cmp              r3, #0x0A
   20 00000012 D1F9            BNE              fill_next
   21 00000014         ;;;  fill 10 first places end
   22 00000014         
   23 00000014         ;;;  find maximum value start
   24 00000014 490C            ldr              r1, =__heap_base
   25 00000016 2400            movs             r4, #0x00
   26 00000018         
   27 00000018 780A            ldrb             r2, [r1]
   28 0000001A         max_next
   29 0000001A 1C49            adds             r1, r1, #0x01
   30 0000001C 780B            ldrb             r3, [r1]
   31 0000001E 1C64            adds             r4, r4, #0x01
   32 00000020 429A            cmp              r2, r3
   33 00000022 DD00            ble              swap
   34 00000024 E000            b                check
   35 00000026         
   36 00000026         swap
   37 00000026 461A            mov              r2, r3
   38 00000028         
   39 00000028         check
   40 00000028 2C09            cmp              r4, #0x09
   41 0000002A D1F6            BNE              max_next
   42 0000002C         
   43 0000002C         
   44 0000002C         
   45 0000002C         
   46 0000002C         ;;;  find maximum value end
   47 0000002C         
   48 0000002C         
   49 0000002C         ;;;  find minimum value start
   50 0000002C         
   51 0000002C 4906            ldr              r1, =__heap_base
   52 0000002E 2400            movs             r4, #0x00
   53 00000030         
   54 00000030 780A            ldrb             r2, [r1]
   55 00000032         min_next
   56 00000032 1C49            adds             r1, r1, #0x01
   57 00000034 780B            ldrb             r3, [r1]
   58 00000036 1C64            adds             r4, r4, #0x01
   59 00000038 429A            cmp              r2, r3



ARM Macro Assembler    Page 2 


   60 0000003A DA00            bge              swap2
   61 0000003C E000            b                check2
   62 0000003E         
   63 0000003E         swap2
   64 0000003E 461A            mov              r2, r3
   65 00000040         
   66 00000040         check2
   67 00000040 2C0A            cmp              r4, #0xA
   68 00000042 D1F6            BNE              min_next
   69 00000044         
   70 00000044         
   71 00000044         ;;;  find minimum value end
   72 00000044         
   73 00000044         
   74 00000044         
   75 00000044         
   76 00000044         
   77 00000044         
   78 00000044 E7DC            B                Main_Loop
   79 00000046         
   80 00000046         
   81 00000046         
   82 00000046         
   83 00000046         
   84 00000046         
   85 00000046 4770            BX               R14
   86 00000048                 ENDP
   87 00000048                 END
              00000000 
Command Line: --debug --xref --diag_suppress=9931 --cpu=Cortex-M0+ --apcs=inter
work --depend=.\objects\assem_maxmin.d -o.\objects\assem_maxmin.o -IC:\MDK\Boar
ds\Freescale\FRDM-KL25Z\assem_maxmin\RTE -IC:\MDK\Boards\Freescale\FRDM-KL25Z\a
ssem_maxmin\RTE\Device\MKL25Z128xxx4 -IC:\Keil_v5\ARM\PACK\ARM\CMSIS\4.5.0\CMSI
S\Include -IC:\Keil_v5\ARM\PACK\Keil\Kinetis_KLxx_DFP\1.9.0\Device\Include --pr
edefine="__EVAL SETA 1" --predefine="__UVISION_VERSION SETA 516" --predefine="_
RTE_ SETA 1" --predefine="MKL25Z128xxx4 SETA 1" --list=.\listings\assem_maxmin.
lst assem_maxmin.s



ARM Macro Assembler    Page 1 Alphabetic symbol ordering
Relocatable symbols

Main_Loop 00000000

Symbol: Main_Loop
   Definitions
      At line 7 in file assem_maxmin.s
   Uses
      At line 78 in file assem_maxmin.s
Comment: Main_Loop used once
SIMPLE_PROG 00000000

Symbol: SIMPLE_PROG
   Definitions
      At line 1 in file assem_maxmin.s
   Uses
      None
Comment: SIMPLE_PROG unused
__main 00000000

Symbol: __main
   Definitions
      At line 3 in file assem_maxmin.s
   Uses
      At line 4 in file assem_maxmin.s
Comment: __main used once
check 00000028

Symbol: check
   Definitions
      At line 39 in file assem_maxmin.s
   Uses
      At line 34 in file assem_maxmin.s
Comment: check used once
check2 00000040

Symbol: check2
   Definitions
      At line 66 in file assem_maxmin.s
   Uses
      At line 61 in file assem_maxmin.s
Comment: check2 used once
fill_next 00000008

Symbol: fill_next
   Definitions
      At line 14 in file assem_maxmin.s
   Uses
      At line 20 in file assem_maxmin.s
Comment: fill_next used once
max_next 0000001A

Symbol: max_next
   Definitions
      At line 28 in file assem_maxmin.s
   Uses
      At line 41 in file assem_maxmin.s
Comment: max_next used once
min_next 00000032

Symbol: min_next



ARM Macro Assembler    Page 2 Alphabetic symbol ordering
Relocatable symbols

   Definitions
      At line 55 in file assem_maxmin.s
   Uses
      At line 68 in file assem_maxmin.s
Comment: min_next used once
swap 00000026

Symbol: swap
   Definitions
      At line 36 in file assem_maxmin.s
   Uses
      At line 33 in file assem_maxmin.s
Comment: swap used once
swap2 0000003E

Symbol: swap2
   Definitions
      At line 63 in file assem_maxmin.s
   Uses
      At line 60 in file assem_maxmin.s
Comment: swap2 used once
10 symbols



ARM Macro Assembler    Page 1 Alphabetic symbol ordering
External symbols

__heap_base 00000000

Symbol: __heap_base
   Definitions
      At line 5 in file assem_maxmin.s
   Uses
      At line 9 in file assem_maxmin.s
      At line 24 in file assem_maxmin.s
      At line 51 in file assem_maxmin.s

1 symbol
347 symbols in table
