


ARM Macro Assembler    Page 1 


    1 00000000                 AREA             SIMPLE_PROG,CODE,READONLY
    2 00000000         
    3 00000000         __main  PROC
    4 00000000                 EXPORT           __main
    5 00000000                 IMPORT           __heap_base
    6 00000000         
    7 00000000         
    8 00000000         
    9 00000000         ;;;;;;;;;;;;;;;;;;;;;;;;;;;;;;;;;;;;;;;;;;;;;;;;;;;;
   10 00000000         
   11 00000000 2314            movs             r3, #0x14
   12 00000002 2428            movs             r4, #0x28
   13 00000004 B418            push             {r3, r4}
   14 00000006 BC10            pop              {r4}
   15 00000008 BC08            pop{r3}
   16 0000000A         
   17 0000000A         ;;;;;;;;;;;;;;;;;;;;;;;;;;;;;;;;;;;;;;;;;;;;;;;;;;;;
   18 0000000A         
   19 0000000A 4918            ldr              r1, =0x7FDF136F
   20 0000000C 2020            movs             r0, #0x20
   21 0000000E EA00 0301       and              r3,r0,r1
   22 00000012 2B20            cmp              r3, #0x20
   23 00000014 D101            bne              n_eq
   24 00000016 2201            movs             r2, #0x01
   25 00000018 E000            b                full_adder
   26 0000001A         
   27 0000001A         n_eq
   28 0000001A 2200            movs             r2, #0x00
   29 0000001C         
   30 0000001C         ;;;;;;;;;;;;;;;;;;;;;;;;;;;;;;;;;;;;;;;;;;;;;;;;;;;; A<-
                        R2 / B<- R3 / Cin<- R4 / S<- R5 / Cout<- R6
   31 0000001C         ;;;;;;;;;;;;;;;;;;;;;;;;;;;;;;;;;;;;;;;;;;;;;;;;;;;;  i 
                       kathe eisodos einai 3 bit gi auto ta r7 kai r8 exoun tin
                        timi 777
   32 0000001C         ;;;;;;;;;;;;;;;;;;;;;;;;;;;;;;;;;;;;;;;;;;;;;;;;;;;; gia
                        na exei 1 bit i kathe eisodos prepei na ginei allagi to
                       u iparxon kwdika, me ton antistoixo kwdika sta sxolia
   33 0000001C         ;;;;;;;;;;;;;;;;;;;;;;;;;;;;;;;;;;;;;;;;;;;;;;;;;;;; ous
                       iastika allazei to kathe 7 me 1
   34 0000001C         
   35 0000001C         full_adder
   36 0000001C         
   37 0000001C F240 7777       ldr              r7, =0x777
   38 00000020         ;ldr r7, =0x111
   39 00000020 F240 7877       ldr              r8, =0x777
   40 00000024         ;ldr r8, =0x111
   41 00000024 B480            push{r7}
   42 00000026         
   43 00000026         fill_stack
   44 00000026 1E7F            subs             r7,r7, #0x01
   45 00000028 EA07 0708       and              r7, r8
   46 0000002C B480            push             {r7}
   47 0000002E 2F00            cmp              r7, #0x00
   48 00000030 D1F9            bne              fill_stack
   49 00000032         
   50 00000032         full_adder_calc
   51 00000032         
   52 00000032 BC80            pop              {r7}
   53 00000034         



ARM Macro Assembler    Page 2 


   54 00000034 F407 62E0       and              r2, r7, #0x700
   55 00000038         ;and r2, r7, #0x100
   56 00000038 EA4F 2212       lsr              r2, #8
   57 0000003C         
   58 0000003C F007 0370       and              r3, r7, #0x70
   59 00000040         ;and r3, r7, #0x10
   60 00000040 EA4F 1313       lsr              r3, #4
   61 00000044         
   62 00000044 F007 0407       and              r4, r7, #0x7
   63 00000048         ;and r4, r7, #0x1
   64 00000048         
   65 00000048         
   66 00000048 EA82 0003       eor              r0,r2,r3
   67 0000004C EA80 0504       eor              r5,r0,r4
   68 00000050         
   69 00000050 EA02 0003       and              r0,r2,r3
   70 00000054 EA03 0104       and              r1,r3,r4
   71 00000058 EA40 0101       orr              r1,r0,r1
   72 0000005C EA02 0004       and              r0,r2,r4
   73 00000060 EA40 0601       orr              r6,r0,r1
   74 00000064 4547            cmp              r7, r8
   75 00000066 D000            beq              end
   76 00000068 E7E3            b                full_adder_calc
   77 0000006A         
   78 0000006A         end
   79 0000006A         
   80 0000006A 4770            BX               R14
   81 0000006C         
   82 0000006C         
   83 0000006C         
   84 0000006C         
   85 0000006C                 ENDP
   86 0000006C                 END
              7FDF136F 
Command Line: --debug --xref --diag_suppress=9931 --cpu=Cortex-M4.fp --apcs=int
erwork --depend=.\objects\bubble.d -o.\objects\bubble.o -I.\RTE\_Target_1 -IC:\
Users\Pyrkaulos\AppData\Local\Arm\Packs\ARM\CMSIS\5.5.1\CMSIS\Core\Include -IC:
\Users\Pyrkaulos\AppData\Local\Arm\Packs\ARM\CMSIS\5.5.1\Device\ARM\ARMCM4\Incl
ude --predefine="__EVAL SETA 1" --predefine="__UVISION_VERSION SETA 527" --pred
efine="_RTE_ SETA 1" --predefine="ARMCM4_FP SETA 1" --list=.\listings\bubble.ls
t bubble.s



ARM Macro Assembler    Page 1 Alphabetic symbol ordering
Relocatable symbols

SIMPLE_PROG 00000000

Symbol: SIMPLE_PROG
   Definitions
      At line 1 in file bubble.s
   Uses
      None
Comment: SIMPLE_PROG unused
__main 00000000

Symbol: __main
   Definitions
      At line 3 in file bubble.s
   Uses
      At line 4 in file bubble.s
Comment: __main used once
end 0000006A

Symbol: end
   Definitions
      At line 78 in file bubble.s
   Uses
      At line 75 in file bubble.s
Comment: end used once
fill_stack 00000026

Symbol: fill_stack
   Definitions
      At line 43 in file bubble.s
   Uses
      At line 48 in file bubble.s
Comment: fill_stack used once
full_adder 0000001C

Symbol: full_adder
   Definitions
      At line 35 in file bubble.s
   Uses
      At line 25 in file bubble.s
Comment: full_adder used once
full_adder_calc 00000032

Symbol: full_adder_calc
   Definitions
      At line 50 in file bubble.s
   Uses
      At line 76 in file bubble.s
Comment: full_adder_calc used once
n_eq 0000001A

Symbol: n_eq
   Definitions
      At line 27 in file bubble.s
   Uses
      At line 23 in file bubble.s
Comment: n_eq used once
7 symbols



ARM Macro Assembler    Page 1 Alphabetic symbol ordering
External symbols

__heap_base 00000000

Symbol: __heap_base
   Definitions
      At line 5 in file bubble.s
   Uses
      None
Comment: __heap_base unused
1 symbol
345 symbols in table
