


ARM Macro Assembler    Page 1 


    1 00000000                 AREA             SIMPLE_PROG,CODE,READONLY
    2 00000000         
    3 00000000         __main  PROC
    4 00000000                 EXPORT           __main
    5 00000000                 IMPORT           __heap_base
    6 00000000         
    7 00000000         Main_Loop
    8 00000000         
    9 00000000 4924            ldr              r1, =__heap_base
   10 00000002 2300            movs             r3, #0x00
   11 00000004 2201            movs             r2, #0x01
   12 00000006         
   13 00000006         ;;;  fill 10 first places start    
   14 00000006         
   15 00000006 700A            strb             r2, [r1]
   16 00000008         fill_loop
   17 00000008 3201            adds             r2, #0x01
   18 0000000A 3301            adds             r3, #0x01
   19 0000000C 3101            adds             r1, #0x01
   20 0000000E 700A            strb             r2, [r1]
   21 00000010 2B09            cmp              r3, #0x09
   22 00000012 D1F9            bne              fill_loop
   23 00000014         
   24 00000014         ;;;  fill 10 first places end
   25 00000014         
   26 00000014         ;;;  find maximum value start
   27 00000014         
   28 00000014 491F            ldr              r1, =__heap_base
   29 00000016 2400            movs             r4, #0x00
   30 00000018 780A            ldrb             r2, [r1]
   31 0000001A         max_loop
   32 0000001A 3101            adds             r1, #0x01
   33 0000001C 3401            adds             r4, #0x01
   34 0000001E 780B            ldrb             r3, [r1]
   35 00000020 429A            cmp              r2, r3
   36 00000022 DB02            blt              swap_max
   37 00000024         counter_max
   38 00000024 2C09            cmp              r4, #0x09
   39 00000026 D1F8            bne              max_loop
   40 00000028 E001            b                min
   41 0000002A         swap_max
   42 0000002A 001A            movs             r2,r3
   43 0000002C E7FA            b                counter_max
   44 0000002E         
   45 0000002E         ;;;  find maximum value end
   46 0000002E         
   47 0000002E         ;;;  find minimum value start
   48 0000002E         
   49 0000002E         min
   50 0000002E 4919            ldr              r1, =__heap_base
   51 00000030 2500            movs             r5, #0x00
   52 00000032 780E            ldrb             r6, [r1]
   53 00000034         min_loop
   54 00000034 3101            adds             r1, #0x01
   55 00000036 3501            adds             r5, #0x01
   56 00000038 780B            ldrb             r3, [r1]
   57 0000003A 429E            cmp              r6, r3
   58 0000003C DC02            bgt              swap_min
   59 0000003E         counter_min



ARM Macro Assembler    Page 2 


   60 0000003E 2D09            cmp              r5, #0x09
   61 00000040 D1F8            bne              min_loop
   62 00000042 E001            b                selected_transfer
   63 00000044         swap_min
   64 00000044 001E            movs             r6,r3
   65 00000046 E7FA            b                counter_min
   66 00000048         
   67 00000048         ;;;  find minimum value end
   68 00000048         
   69 00000048         ;;; selected transfer start
   70 00000048         selected_transfer
   71 00000048 4912            ldr              r1, =__heap_base
   72 0000004A 4B12            ldr              r3, =__heap_base
   73 0000004C 3330            adds             r3, r3,#0x30
   74 0000004E 225F            movs             r2, #0x5f
   75 00000050 700A            strb             r2, [r1]
   76 00000052 22A3            movs             r2, #0xa3
   77 00000054 704A            strb             r2, [r1,#1]
   78 00000056 221B            movs             r2, #0x1b
   79 00000058 708A            strb             r2, [r1,#2]
   80 0000005A 22FF            movs             r2, #0xff
   81 0000005C 70CA            strb             r2, [r1,#3]
   82 0000005E 223D            movs             r2, #0x3d
   83 00000060 710A            strb             r2, [r1,#4]
   84 00000062 2201            movs             r2, #0x01
   85 00000064 714A            strb             r2, [r1,#5]
   86 00000066 22F5            movs             r2, #0xf5
   87 00000068 718A            strb             r2, [r1,#6]
   88 0000006A 228A            movs             r2, #0x8a
   89 0000006C 71CA            strb             r2, [r1,#7]
   90 0000006E 224A            movs             r2, #0x4a
   91 00000070 720A            strb             r2, [r1,#8]
   92 00000072 227F            movs             r2, #0x7f
   93 00000074 724A            strb             r2, [r1,#9]
   94 00000076 2400            movs             r4, #0x00
   95 00000078         sel_loop
   96 00000078 780A            ldrb             r2, [r1]
   97 0000007A 3101            adds             r1, #0x01
   98 0000007C 2A5F            cmp              r2, #0x5f
   99 0000007E DA03            bge              transfer_loop
  100 00000080         counter
  101 00000080 3401            adds             r4, #0x01
  102 00000082 2C0A            cmp              r4, #0x0A
  103 00000084 D003            beq              end
  104 00000086 E7F7            b                sel_loop
  105 00000088         
  106 00000088         transfer_loop
  107 00000088 701A            strb             r2, [r3]
  108 0000008A 1C5B            adds             r3, r3,#1
  109 0000008C E7F8            b                counter
  110 0000008E         
  111 0000008E         ;;; selected transfer end
  112 0000008E         
  113 0000008E         end
  114 0000008E E7B7            B                Main_Loop
  115 00000090         
  116 00000090         
  117 00000090         
  118 00000090         



ARM Macro Assembler    Page 3 


  119 00000090         
  120 00000090         
  121 00000090 4770            BX               R14
  122 00000092                 ENDP
  123 00000092                 END
              00 00 00000000 
Command Line: --debug --xref --diag_suppress=9931 --cpu=Cortex-M4.fp --apcs=int
erwork --depend=.\assem_maxmin.d -o.\assem_maxmin.o -I.\RTE\_Target_1 -IC:\User
s\Pyrkaulos\AppData\Local\Arm\Packs\ARM\CMSIS\5.5.1\CMSIS\Core\Include -IC:\Use
rs\Pyrkaulos\AppData\Local\Arm\Packs\ARM\CMSIS\5.5.1\Device\ARM\ARMCM4\Include 
--predefine="__EVAL SETA 1" --predefine="__UVISION_VERSION SETA 527" --predefin
e="_RTE_ SETA 1" --predefine="ARMCM4_FP SETA 1" --list=.\assem_maxmin.lst assem
_maxmin.s



ARM Macro Assembler    Page 1 Alphabetic symbol ordering
Relocatable symbols

Main_Loop 00000000

Symbol: Main_Loop
   Definitions
      At line 7 in file assem_maxmin.s
   Uses
      At line 114 in file assem_maxmin.s
Comment: Main_Loop used once
SIMPLE_PROG 00000000

Symbol: SIMPLE_PROG
   Definitions
      At line 1 in file assem_maxmin.s
   Uses
      None
Comment: SIMPLE_PROG unused
__main 00000000

Symbol: __main
   Definitions
      At line 3 in file assem_maxmin.s
   Uses
      At line 4 in file assem_maxmin.s
Comment: __main used once
counter 00000080

Symbol: counter
   Definitions
      At line 100 in file assem_maxmin.s
   Uses
      At line 109 in file assem_maxmin.s
Comment: counter used once
counter_max 00000024

Symbol: counter_max
   Definitions
      At line 37 in file assem_maxmin.s
   Uses
      At line 43 in file assem_maxmin.s
Comment: counter_max used once
counter_min 0000003E

Symbol: counter_min
   Definitions
      At line 59 in file assem_maxmin.s
   Uses
      At line 65 in file assem_maxmin.s
Comment: counter_min used once
end 0000008E

Symbol: end
   Definitions
      At line 113 in file assem_maxmin.s
   Uses
      At line 103 in file assem_maxmin.s
Comment: end used once
fill_loop 00000008

Symbol: fill_loop



ARM Macro Assembler    Page 2 Alphabetic symbol ordering
Relocatable symbols

   Definitions
      At line 16 in file assem_maxmin.s
   Uses
      At line 22 in file assem_maxmin.s
Comment: fill_loop used once
max_loop 0000001A

Symbol: max_loop
   Definitions
      At line 31 in file assem_maxmin.s
   Uses
      At line 39 in file assem_maxmin.s
Comment: max_loop used once
min 0000002E

Symbol: min
   Definitions
      At line 49 in file assem_maxmin.s
   Uses
      At line 40 in file assem_maxmin.s
Comment: min used once
min_loop 00000034

Symbol: min_loop
   Definitions
      At line 53 in file assem_maxmin.s
   Uses
      At line 61 in file assem_maxmin.s
Comment: min_loop used once
sel_loop 00000078

Symbol: sel_loop
   Definitions
      At line 95 in file assem_maxmin.s
   Uses
      At line 104 in file assem_maxmin.s
Comment: sel_loop used once
selected_transfer 00000048

Symbol: selected_transfer
   Definitions
      At line 70 in file assem_maxmin.s
   Uses
      At line 62 in file assem_maxmin.s
Comment: selected_transfer used once
swap_max 0000002A

Symbol: swap_max
   Definitions
      At line 41 in file assem_maxmin.s
   Uses
      At line 36 in file assem_maxmin.s
Comment: swap_max used once
swap_min 00000044

Symbol: swap_min
   Definitions
      At line 63 in file assem_maxmin.s
   Uses



ARM Macro Assembler    Page 3 Alphabetic symbol ordering
Relocatable symbols

      At line 58 in file assem_maxmin.s
Comment: swap_min used once
transfer_loop 00000088

Symbol: transfer_loop
   Definitions
      At line 106 in file assem_maxmin.s
   Uses
      At line 99 in file assem_maxmin.s
Comment: transfer_loop used once
16 symbols



ARM Macro Assembler    Page 1 Alphabetic symbol ordering
External symbols

__heap_base 00000000

Symbol: __heap_base
   Definitions
      At line 5 in file assem_maxmin.s
   Uses
      At line 9 in file assem_maxmin.s
      At line 28 in file assem_maxmin.s
      At line 50 in file assem_maxmin.s
      At line 71 in file assem_maxmin.s
      At line 72 in file assem_maxmin.s

1 symbol
354 symbols in table
